<?xml version="1.0" encoding="UTF-8"?>
<!-- Generated by org.testng.reporters.JUnitReportReporter -->
<testsuite hostname="Saurabhchoudhari" failures="0" tests="1" name="Corejavapackage.PS1" time="0.009" errors="0" timestamp="2023-12-26T16:39:25 IST" skipped="0">
  <testcase classname="Corejavapackage.PS1" name="testRun" time="0.009"/>
  <system-out/>
</testsuite> <!-- Corejavapackage.PS1 -->
